kotlin version: 2.2.20
error message: java.lang.RuntimeException: Exception while generating code for:
FUN name:showCustomConnectDialog visibility:public modality:FINAL returnType:kotlin.Unit
  VALUE_PARAMETER kind:DispatchReceiver name:<this> index:0 type:org.commcare.views.connect.ConnectDialogCreationHelper.Companion
  VALUE_PARAMETER kind:Regular name:context index:1 type:android.content.Context
  VALUE_PARAMETER kind:Regular name:titleText index:2 type:kotlin.String
  VALUE_PARAMETER kind:Regular name:messageText index:3 type:kotlin.String
  VALUE_PARAMETER kind:Regular name:negativeButtonText index:4 type:kotlin.String
  VALUE_PARAMETER kind:Regular name:negativeButtonCallback index:5 type:kotlin.Function0<kotlin.Unit>
  VALUE_PARAMETER kind:Regular name:negativeButtonTextColorRes index:6 type:kotlin.Int
    annotations:
      ColorRes
  VALUE_PARAMETER kind:Regular name:negativeButtonBackgroundColorRes index:7 type:kotlin.Int
    annotations:
      ColorRes
  VALUE_PARAMETER kind:Regular name:positiveButtonText index:8 type:kotlin.String
  VALUE_PARAMETER kind:Regular name:positiveButtonCallback index:9 type:kotlin.Function0<kotlin.Unit>
  VALUE_PARAMETER kind:Regular name:positiveButtonTextColorRes index:10 type:kotlin.Int
    annotations:
      ColorRes
  VALUE_PARAMETER kind:Regular name:positiveButtonBackgroundColorRes index:11 type:kotlin.Int
    annotations:
      ColorRes
  BLOCK_BODY
    VAR name:dialogView type:@[FlexibleNullability] android.view.View? [val]
      CALL 'public open fun inflate (p0: kotlin.Int, p1: @[EnhancedNullability] android.view.ViewGroup?): @[FlexibleNullability] android.view.View? declared in android.view.LayoutInflater' type=@[FlexibleNullability] android.view.View? origin=null
        ARG <this>: CALL 'public open fun from (p0: @[FlexibleNullability] android.content.Context?): @[FlexibleNullability] android.view.LayoutInflater? declared in android.view.LayoutInflater' type=@[FlexibleNullability] android.view.LayoutInflater? origin=null
          ARG p0: GET_VAR 'context: android.content.Context declared in org.commcare.views.connect.ConnectDialogCreationHelper.Companion.showCustomConnectDialog' type=android.content.Context origin=null
        ARG p0: CONST Int type=kotlin.Int value=2131493195
        ARG p1: CONST Null type=kotlin.Nothing? value=null
    VAR name:dialog type:androidx.appcompat.app.AlertDialog [val]
      BLOCK type=androidx.appcompat.app.AlertDialog origin=null
        VAR IR_TEMPORARY_VARIABLE name:tmp0 type:kotlin.Any? [val]
          CALL 'public open fun create (): @[EnhancedNullability] androidx.appcompat.app.AlertDialog declared in com.google.android.material.dialog.MaterialAlertDialogBuilder' type=@[EnhancedNullability] androidx.appcompat.app.AlertDialog origin=null
            ARG <this>: CALL 'public open fun setView (p0: @[EnhancedNullability] android.view.View?): @[EnhancedNullability] com.google.android.material.dialog.MaterialAlertDialogBuilder declared in com.google.android.material.dialog.MaterialAlertDialogBuilder' type=@[EnhancedNullability] com.google.android.material.dialog.MaterialAlertDialogBuilder origin=null
              ARG <this>: CONSTRUCTOR_CALL 'public constructor <init> (p0: @[EnhancedNullability] android.content.Context) declared in com.google.android.material.dialog.MaterialAlertDialogBuilder' type=com.google.android.material.dialog.MaterialAlertDialogBuilder origin=null
                ARG p0: GET_VAR 'context: android.content.Context declared in org.commcare.views.connect.ConnectDialogCreationHelper.Companion.showCustomConnectDialog' type=android.content.Context origin=null
              ARG p0: GET_VAR 'val dialogView: @[FlexibleNullability] android.view.View? [val] declared in org.commcare.views.connect.ConnectDialogCreationHelper.Companion.showCustomConnectDialog' type=@[FlexibleNullability] android.view.View? origin=null
        CALL 'public final fun checkNotNullExpressionValue (value: kotlin.Any?, expression: kotlin.String): kotlin.Unit declared in kotlin.jvm.internal.Intrinsics' type=kotlin.Unit origin=null
          ARG value: GET_VAR 'val tmp0: kotlin.Any? [val] declared in org.commcare.views.connect.ConnectDialogCreationHelper.Companion.showCustomConnectDialog' type=kotlin.Any? origin=null
          ARG expression: CONST String type=kotlin.String value="create(...)"
        GET_VAR 'val tmp0: kotlin.Any? [val] declared in org.commcare.views.connect.ConnectDialogCreationHelper.Companion.showCustomConnectDialog' type=kotlin.Any? origin=null
    CALL 'public abstract fun setBackgroundDrawable (p0: @[FlexibleNullability] android.graphics.drawable.Drawable?): kotlin.Unit declared in android.view.Window' type=kotlin.Unit origin=null
      ARG <this>: CALL 'public final fun CHECK_NOT_NULL <T0> (arg0: T0 of kotlin.internal.ir.CHECK_NOT_NULL?): {T0 of kotlin.internal.ir.CHECK_NOT_NULL & Any} declared in kotlin.internal.ir' type=android.view.Window origin=EXCLEXCL
        TYPE_ARG T0: @[EnhancedNullability] android.view.Window
        ARG arg0: CALL 'public open fun getWindow (): @[EnhancedNullability] android.view.Window? [fake_override] declared in androidx.appcompat.app.AlertDialog' type=@[EnhancedNullability] android.view.Window? origin=GET_PROPERTY
          ARG <this>: GET_VAR 'val dialog: androidx.appcompat.app.AlertDialog [val] declared in org.commcare.views.connect.ConnectDialogCreationHelper.Companion.showCustomConnectDialog' type=androidx.appcompat.app.AlertDialog origin=null
      ARG p0: CALL 'public final fun toDrawable (<this>: kotlin.Int): android.graphics.drawable.ColorDrawable [inline] declared in androidx.core.graphics.drawable.ColorDrawableKt' type=android.graphics.drawable.ColorDrawable origin=null
        ARG <this>: CALL 'public open fun getColor (p0: @[EnhancedNullability] android.content.Context, p1: kotlin.Int): kotlin.Int declared in androidx.core.content.ContextCompat' type=kotlin.Int origin=null
          ARG p0: GET_VAR 'context: android.content.Context declared in org.commcare.views.connect.ConnectDialogCreationHelper.Companion.showCustomConnectDialog' type=android.content.Context origin=null
          ARG p1: CONST Int type=kotlin.Int value=2131100062
    COMPOSITE type=kotlin.Unit origin=null
      CALL 'public final fun apply <T> (<this>: T of kotlin.StandardKt.apply, block: @[ExtensionFunctionType] kotlin.Function1<T of kotlin.StandardKt.apply, kotlin.Unit>): T of kotlin.StandardKt.apply [inline] declared in kotlin.StandardKt' type=@[FlexibleNullability] android.widget.TextView? origin=null
        TYPE_ARG T: @[FlexibleNullability] android.widget.TextView?
        ARG <this>: CALL 'public final fun findViewById <T> (p0: kotlin.Int): @[FlexibleNullability] T of android.view.View.findViewById? declared in android.view.View' type=@[FlexibleNullability] android.widget.TextView? origin=null
          TYPE_ARG T: @[FlexibleNullability] android.widget.TextView?
          ARG <this>: GET_VAR 'val dialogView: @[FlexibleNullability] android.view.View? [val] declared in org.commcare.views.connect.ConnectDialogCreationHelper.Companion.showCustomConnectDialog' type=@[FlexibleNullability] android.view.View? origin=null
          ARG p0: CONST Int type=kotlin.Int value=2131297664
        ARG block: BLOCK type=@[ExtensionFunctionType] kotlin.Function1<@[FlexibleNullability] android.widget.TextView?, kotlin.Unit> origin=LAMBDA
          COMPOSITE type=kotlin.Unit origin=null
          FUNCTION_REFERENCE 'private final fun showCustomConnectDialog$lambda$0 ($this$apply: @[FlexibleNullability] android.widget.TextView?, $titleText: kotlin.String): kotlin.Unit declared in org.commcare.views.connect.ConnectDialogCreationHelper.Companion' type=@[ExtensionFunctionType] kotlin.Function1<@[FlexibleNullability] android.widget.TextView?, kotlin.Unit> origin=INLINE_LAMBDA reflectionTarget=null
            ARG $titleText: GET_VAR 'titleText: kotlin.String declared in org.commcare.views.connect.ConnectDialogCreationHelper.Companion.showCustomConnectDialog' type=kotlin.String origin=null
      COMPOSITE type=kotlin.Unit origin=null
    COMPOSITE type=kotlin.Unit origin=null
      CALL 'public final fun apply <T> (<this>: T of kotlin.StandardKt.apply, block: @[ExtensionFunctionType] kotlin.Function1<T of kotlin.StandardKt.apply, kotlin.Unit>): T of kotlin.StandardKt.apply [inline] declared in kotlin.StandardKt' type=@[FlexibleNullability] android.widget.TextView? origin=null
        TYPE_ARG T: @[FlexibleNullability] android.widget.TextView?
        ARG <this>: CALL 'public final fun findViewById <T> (p0: kotlin.Int): @[FlexibleNullability] T of android.view.View.findViewById? declared in android.view.View' type=@[FlexibleNullability] android.widget.TextView? origin=null
          TYPE_ARG T: @[FlexibleNullability] android.widget.TextView?
          ARG <this>: GET_VAR 'val dialogView: @[FlexibleNullability] android.view.View? [val] declared in org.commcare.views.connect.ConnectDialogCreationHelper.Companion.showCustomConnectDialog' type=@[FlexibleNullability] android.view.View? origin=null
          ARG p0: CONST Int type=kotlin.Int value=2131297663
        ARG block: BLOCK type=@[ExtensionFunctionType] kotlin.Function1<@[FlexibleNullability] android.widget.TextView?, kotlin.Unit> origin=LAMBDA
          COMPOSITE type=kotlin.Unit origin=null
          FUNCTION_REFERENCE 'private final fun showCustomConnectDialog$lambda$1 ($this$apply: @[FlexibleNullability] android.widget.TextView?, $messageText: kotlin.String): kotlin.Unit declared in org.commcare.views.connect.ConnectDialogCreationHelper.Companion' type=@[ExtensionFunctionType] kotlin.Function1<@[FlexibleNullability] android.widget.TextView?, kotlin.Unit> origin=INLINE_LAMBDA reflectionTarget=null
            ARG $messageText: GET_VAR 'messageText: kotlin.String declared in org.commcare.views.connect.ConnectDialogCreationHelper.Companion.showCustomConnectDialog' type=kotlin.String origin=null
      COMPOSITE type=kotlin.Unit origin=null
    COMPOSITE type=kotlin.Unit origin=null
      CALL 'public final fun apply <T> (<this>: T of kotlin.StandardKt.apply, block: @[ExtensionFunctionType] kotlin.Function1<T of kotlin.StandardKt.apply, kotlin.Unit>): T of kotlin.StandardKt.apply [inline] declared in kotlin.StandardKt' type=@[FlexibleNullability] android.widget.ImageView? origin=null
        TYPE_ARG T: @[FlexibleNullability] android.widget.ImageView?
        ARG <this>: CALL 'public final fun findViewById <T> (p0: kotlin.Int): @[FlexibleNullability] T of android.view.View.findViewById? declared in android.view.View' type=@[FlexibleNullability] android.widget.ImageView? origin=null
          TYPE_ARG T: @[FlexibleNullability] android.widget.ImageView?
          ARG <this>: GET_VAR 'val dialogView: @[FlexibleNullability] android.view.View? [val] declared in org.commcare.views.connect.ConnectDialogCreationHelper.Companion.showCustomConnectDialog' type=@[FlexibleNullability] android.view.View? origin=null
          ARG p0: CONST Int type=kotlin.Int value=2131297660
        ARG block: BLOCK type=@[ExtensionFunctionType] kotlin.Function1<@[FlexibleNullability] android.widget.ImageView?, kotlin.Unit> origin=LAMBDA
          COMPOSITE type=kotlin.Unit origin=null
          FUNCTION_REFERENCE 'private final fun showCustomConnectDialog$lambda$2 ($this$apply: @[FlexibleNullability] android.widget.ImageView?, $dialog: androidx.appcompat.app.AlertDialog): kotlin.Unit declared in org.commcare.views.connect.ConnectDialogCreationHelper.Companion' type=@[ExtensionFunctionType] kotlin.Function1<@[FlexibleNullability] android.widget.ImageView?, kotlin.Unit> origin=INLINE_LAMBDA reflectionTarget=null
            ARG $dialog: GET_VAR 'val dialog: androidx.appcompat.app.AlertDialog [val] declared in org.commcare.views.connect.ConnectDialogCreationHelper.Companion.showCustomConnectDialog' type=androidx.appcompat.app.AlertDialog origin=null
      COMPOSITE type=kotlin.Unit origin=null
    COMPOSITE type=kotlin.Unit origin=null
      CALL 'public final fun apply <T> (<this>: T of kotlin.StandardKt.apply, block: @[ExtensionFunctionType] kotlin.Function1<T of kotlin.StandardKt.apply, kotlin.Unit>): T of kotlin.StandardKt.apply [inline] declared in kotlin.StandardKt' type=@[FlexibleNullability] com.google.android.material.button.MaterialButton? origin=null
        TYPE_ARG T: @[FlexibleNullability] com.google.android.material.button.MaterialButton?
        ARG <this>: CALL 'public final fun findViewById <T> (p0: kotlin.Int): @[FlexibleNullability] T of android.view.View.findViewById? declared in android.view.View' type=@[FlexibleNullability] com.google.android.material.button.MaterialButton? origin=null
          TYPE_ARG T: @[FlexibleNullability] com.google.android.material.button.MaterialButton?
          ARG <this>: GET_VAR 'val dialogView: @[FlexibleNullability] android.view.View? [val] declared in org.commcare.views.connect.ConnectDialogCreationHelper.Companion.showCustomConnectDialog' type=@[FlexibleNullability] android.view.View? origin=null
          ARG p0: CONST Int type=kotlin.Int value=2131297661
        ARG block: BLOCK type=@[ExtensionFunctionType] kotlin.Function1<@[FlexibleNullability] com.google.android.material.button.MaterialButton?, kotlin.Unit> origin=LAMBDA
          COMPOSITE type=kotlin.Unit origin=null
          FUNCTION_REFERENCE 'private final fun showCustomConnectDialog$lambda$3 ($this$apply: @[FlexibleNullability] com.google.android.material.button.MaterialButton?, $negativeButtonText: kotlin.String, $context: android.content.Context, $negativeButtonTextColorRes: kotlin.Int, $negativeButtonBackgroundColorRes: kotlin.Int, $dialog: androidx.appcompat.app.AlertDialog, $negativeButtonCallback: kotlin.Function0<kotlin.Unit>): kotlin.Unit declared in org.commcare.views.connect.ConnectDialogCreationHelper.Companion' type=@[ExtensionFunctionType] kotlin.Function1<@[FlexibleNullability] com.google.android.material.button.MaterialButton?, kotlin.Unit> origin=INLINE_LAMBDA reflectionTarget=null
            ARG $negativeButtonText: GET_VAR 'negativeButtonText: kotlin.String declared in org.commcare.views.connect.ConnectDialogCreationHelper.Companion.showCustomConnectDialog' type=kotlin.String origin=null
            ARG $context: GET_VAR 'context: android.content.Context declared in org.commcare.views.connect.ConnectDialogCreationHelper.Companion.showCustomConnectDialog' type=android.content.Context origin=null
            ARG $negativeButtonTextColorRes: GET_VAR 'negativeButtonTextColorRes: kotlin.Int declared in org.commcare.views.connect.ConnectDialogCreationHelper.Companion.showCustomConnectDialog' type=kotlin.Int origin=null
            ARG $negativeButtonBackgroundColorRes: GET_VAR 'negativeButtonBackgroundColorRes: kotlin.Int declared in org.commcare.views.connect.ConnectDialogCreationHelper.Companion.showCustomConnectDialog' type=kotlin.Int origin=null
            ARG $dialog: GET_VAR 'val dialog: androidx.appcompat.app.AlertDialog [val] declared in org.commcare.views.connect.ConnectDialogCreationHelper.Companion.showCustomConnectDialog' type=androidx.appcompat.app.AlertDialog origin=null
            ARG $negativeButtonCallback: GET_VAR 'negativeButtonCallback: kotlin.Function0<kotlin.Unit> declared in org.commcare.views.connect.ConnectDialogCreationHelper.Companion.showCustomConnectDialog' type=kotlin.Function0<kotlin.Unit> origin=null
      COMPOSITE type=kotlin.Unit origin=null
    COMPOSITE type=kotlin.Unit origin=null
      CALL 'public final fun apply <T> (<this>: T of kotlin.StandardKt.apply, block: @[ExtensionFunctionType] kotlin.Function1<T of kotlin.StandardKt.apply, kotlin.Unit>): T of kotlin.StandardKt.apply [inline] declared in kotlin.StandardKt' type=@[FlexibleNullability] com.google.android.material.button.MaterialButton? origin=null
        TYPE_ARG T: @[FlexibleNullability] com.google.android.material.button.MaterialButton?
        ARG <this>: CALL 'public final fun findViewById <T> (p0: kotlin.Int): @[FlexibleNullability] T of android.view.View.findViewById? declared in android.view.View' type=@[FlexibleNullability] com.google.android.material.button.MaterialButton? origin=null
          TYPE_ARG T: @[FlexibleNullability] com.google.android.material.button.MaterialButton?
          ARG <this>: GET_VAR 'val dialogView: @[FlexibleNullability] android.view.View? [val] declared in org.commcare.views.connect.ConnectDialogCreationHelper.Companion.showCustomConnectDialog' type=@[FlexibleNullability] android.view.View? origin=null
          ARG p0: CONST Int type=kotlin.Int value=2131297662
        ARG block: BLOCK type=@[ExtensionFunctionType] kotlin.Function1<@[FlexibleNullability] com.google.android.material.button.MaterialButton?, kotlin.Unit> origin=LAMBDA
          COMPOSITE type=kotlin.Unit origin=null
          FUNCTION_REFERENCE 'private final fun showCustomConnectDialog$lambda$4 ($this$apply: @[FlexibleNullability] com.google.android.material.button.MaterialButton?, $positiveButtonText: kotlin.String, $context: android.content.Context, $positiveButtonTextColorRes: kotlin.Int, $positiveButtonBackgroundColorRes: kotlin.Int, $dialog: androidx.appcompat.app.AlertDialog, $positiveButtonCallback: kotlin.Function0<kotlin.Unit>): kotlin.Unit declared in org.commcare.views.connect.ConnectDialogCreationHelper.Companion' type=@[ExtensionFunctionType] kotlin.Function1<@[FlexibleNullability] com.google.android.material.button.MaterialButton?, kotlin.Unit> origin=INLINE_LAMBDA reflectionTarget=null
            ARG $positiveButtonText: GET_VAR 'positiveButtonText: kotlin.String declared in org.commcare.views.connect.ConnectDialogCreationHelper.Companion.showCustomConnectDialog' type=kotlin.String origin=null
            ARG $context: GET_VAR 'context: android.content.Context declared in org.commcare.views.connect.ConnectDialogCreationHelper.Companion.showCustomConnectDialog' type=android.content.Context origin=null
            ARG $positiveButtonTextColorRes: GET_VAR 'positiveButtonTextColorRes: kotlin.Int declared in org.commcare.views.connect.ConnectDialogCreationHelper.Companion.showCustomConnectDialog' type=kotlin.Int origin=null
            ARG $positiveButtonBackgroundColorRes: GET_VAR 'positiveButtonBackgroundColorRes: kotlin.Int declared in org.commcare.views.connect.ConnectDialogCreationHelper.Companion.showCustomConnectDialog' type=kotlin.Int origin=null
            ARG $dialog: GET_VAR 'val dialog: androidx.appcompat.app.AlertDialog [val] declared in org.commcare.views.connect.ConnectDialogCreationHelper.Companion.showCustomConnectDialog' type=androidx.appcompat.app.AlertDialog origin=null
            ARG $positiveButtonCallback: GET_VAR 'positiveButtonCallback: kotlin.Function0<kotlin.Unit> declared in org.commcare.views.connect.ConnectDialogCreationHelper.Companion.showCustomConnectDialog' type=kotlin.Function0<kotlin.Unit> origin=null
      COMPOSITE type=kotlin.Unit origin=null
    CALL 'public open fun show (): kotlin.Unit [fake_override] declared in androidx.appcompat.app.AlertDialog' type=kotlin.Unit origin=null
      ARG <this>: GET_VAR 'val dialog: androidx.appcompat.app.AlertDialog [val] declared in org.commcare.views.connect.ConnectDialogCreationHelper.Companion.showCustomConnectDialog' type=androidx.appcompat.app.AlertDialog origin=null

	at org.jetbrains.kotlin.backend.jvm.codegen.FunctionCodegen.generate(FunctionCodegen.kt:53)
	at org.jetbrains.kotlin.backend.jvm.codegen.FunctionCodegen.generate$default(FunctionCodegen.kt:46)
	at org.jetbrains.kotlin.backend.jvm.codegen.ClassCodegen.generateMethodNode(ClassCodegen.kt:422)
	at org.jetbrains.kotlin.backend.jvm.codegen.ClassCodegen.generateMethod(ClassCodegen.kt:439)
	at org.jetbrains.kotlin.backend.jvm.codegen.ClassCodegen.generate(ClassCodegen.kt:164)
	at org.jetbrains.kotlin.backend.jvm.codegen.ClassCodegen.generate(ClassCodegen.kt:177)
	at org.jetbrains.kotlin.backend.jvm.JvmIrCodegenFactory.generateFile(JvmIrCodegenFactory.kt:446)
	at org.jetbrains.kotlin.backend.jvm.JvmIrCodegenFactory.invokeCodegen(JvmIrCodegenFactory.kt:413)
	at org.jetbrains.kotlin.cli.jvm.compiler.KotlinToJVMBytecodeCompiler.runCodegen$cli(KotlinToJVMBytecodeCompiler.kt:425)
	at org.jetbrains.kotlin.cli.pipeline.jvm.JvmBackendPipelinePhase.executePhase(JvmBackendPipelinePhase.kt:89)
	at org.jetbrains.kotlin.cli.pipeline.jvm.JvmBackendPipelinePhase.executePhase(JvmBackendPipelinePhase.kt:27)
	at org.jetbrains.kotlin.cli.pipeline.PipelinePhase.phaseBody(PipelinePhase.kt:68)
	at org.jetbrains.kotlin.cli.pipeline.PipelinePhase.phaseBody(PipelinePhase.kt:58)
	at org.jetbrains.kotlin.config.phaser.NamedCompilerPhase.invoke(CompilerPhase.kt:102)
	at org.jetbrains.kotlin.backend.common.phaser.CompositePhase.invoke(PhaseBuilders.kt:22)
	at org.jetbrains.kotlin.config.phaser.CompilerPhaseKt.invokeToplevel(CompilerPhase.kt:53)
	at org.jetbrains.kotlin.cli.pipeline.AbstractCliPipeline.runPhasedPipeline(AbstractCliPipeline.kt:109)
	at org.jetbrains.kotlin.cli.pipeline.AbstractCliPipeline.execute(AbstractCliPipeline.kt:68)
	at org.jetbrains.kotlin.cli.jvm.K2JVMCompiler.doExecutePhased(K2JVMCompiler.kt:79)
	at org.jetbrains.kotlin.cli.jvm.K2JVMCompiler.doExecutePhased(K2JVMCompiler.kt:45)
	at org.jetbrains.kotlin.cli.common.CLICompiler.execImpl(CLICompiler.kt:90)
	at org.jetbrains.kotlin.cli.common.CLICompiler.exec(CLICompiler.kt:352)
	at org.jetbrains.kotlin.incremental.IncrementalJvmCompilerRunnerBase.runCompiler(IncrementalJvmCompilerRunnerBase.kt:176)
	at org.jetbrains.kotlin.incremental.IncrementalJvmCompilerRunnerBase.runCompiler(IncrementalJvmCompilerRunnerBase.kt:39)
	at org.jetbrains.kotlin.incremental.IncrementalCompilerRunner.doCompile(IncrementalCompilerRunner.kt:499)
	at org.jetbrains.kotlin.incremental.IncrementalCompilerRunner.compileImpl(IncrementalCompilerRunner.kt:416)
	at org.jetbrains.kotlin.incremental.IncrementalCompilerRunner.tryCompileIncrementally$lambda$0$compile(IncrementalCompilerRunner.kt:249)
	at org.jetbrains.kotlin.incremental.IncrementalCompilerRunner.tryCompileIncrementally(IncrementalCompilerRunner.kt:267)
	at org.jetbrains.kotlin.incremental.IncrementalCompilerRunner.compile(IncrementalCompilerRunner.kt:119)
	at org.jetbrains.kotlin.daemon.CompileServiceImplBase.execIncrementalCompiler(CompileServiceImpl.kt:684)
	at org.jetbrains.kotlin.daemon.CompileServiceImplBase.access$execIncrementalCompiler(CompileServiceImpl.kt:94)
	at org.jetbrains.kotlin.daemon.CompileServiceImpl.compile(CompileServiceImpl.kt:1810)
	at jdk.internal.reflect.GeneratedMethodAccessor9.invoke(Unknown Source)
	at java.base/jdk.internal.reflect.DelegatingMethodAccessorImpl.invoke(DelegatingMethodAccessorImpl.java:43)
	at java.base/java.lang.reflect.Method.invoke(Method.java:569)
	at java.rmi/sun.rmi.server.UnicastServerRef.dispatch(UnicastServerRef.java:360)
	at java.rmi/sun.rmi.transport.Transport$1.run(Transport.java:200)
	at java.rmi/sun.rmi.transport.Transport$1.run(Transport.java:197)
	at java.base/java.security.AccessController.doPrivileged(AccessController.java:712)
	at java.rmi/sun.rmi.transport.Transport.serviceCall(Transport.java:196)
	at java.rmi/sun.rmi.transport.tcp.TCPTransport.handleMessages(TCPTransport.java:587)
	at java.rmi/sun.rmi.transport.tcp.TCPTransport$ConnectionHandler.run0(TCPTransport.java:828)
	at java.rmi/sun.rmi.transport.tcp.TCPTransport$ConnectionHandler.lambda$run$0(TCPTransport.java:705)
	at java.base/java.security.AccessController.doPrivileged(AccessController.java:399)
	at java.rmi/sun.rmi.transport.tcp.TCPTransport$ConnectionHandler.run(TCPTransport.java:704)
	at java.base/java.util.concurrent.ThreadPoolExecutor.runWorker(ThreadPoolExecutor.java:1136)
	at java.base/java.util.concurrent.ThreadPoolExecutor$Worker.run(ThreadPoolExecutor.java:635)
	at java.base/java.lang.Thread.run(Thread.java:840)
Caused by: java.lang.RuntimeException: Exception while generating code for:
FUN INLINE_LAMBDA name:showCustomConnectDialog$lambda$3 visibility:private modality:FINAL returnType:kotlin.Unit
  VALUE_PARAMETER kind:ExtensionReceiver name:$this$apply index:0 type:@[FlexibleNullability] com.google.android.material.button.MaterialButton?
  VALUE_PARAMETER BOUND_VALUE_PARAMETER kind:Regular name:$negativeButtonText index:1 type:kotlin.String
  VALUE_PARAMETER BOUND_VALUE_PARAMETER kind:Regular name:$context index:2 type:android.content.Context
  VALUE_PARAMETER BOUND_VALUE_PARAMETER kind:Regular name:$negativeButtonTextColorRes index:3 type:kotlin.Int
  VALUE_PARAMETER BOUND_VALUE_PARAMETER kind:Regular name:$negativeButtonBackgroundColorRes index:4 type:kotlin.Int
  VALUE_PARAMETER BOUND_VALUE_PARAMETER kind:Regular name:$dialog index:5 type:androidx.appcompat.app.AlertDialog
  VALUE_PARAMETER BOUND_VALUE_PARAMETER kind:Regular name:$negativeButtonCallback index:6 type:kotlin.Function0<kotlin.Unit>
  BLOCK_BODY
    VAR name:$i$a$-apply-ConnectDialogCreationHelper$Companion$showCustomConnectDialog$4 type:kotlin.Int [val]
      CONST Int type=kotlin.Int value=0
    CALL 'public final fun setText (p0: @[FlexibleNullability] kotlin.CharSequence?): kotlin.Unit [fake_override] declared in com.google.android.material.button.MaterialButton' type=kotlin.Unit origin=EQ
      ARG <this>: GET_VAR '$this$apply: @[FlexibleNullability] com.google.android.material.button.MaterialButton? declared in org.commcare.views.connect.ConnectDialogCreationHelper.Companion.showCustomConnectDialog$lambda$3' type=@[FlexibleNullability] com.google.android.material.button.MaterialButton? origin=null
      ARG p0: GET_VAR '$negativeButtonText: kotlin.String declared in org.commcare.views.connect.ConnectDialogCreationHelper.Companion.showCustomConnectDialog$lambda$3' type=kotlin.String origin=null
    SET_FIELD 'FIELD IR_EXTERNAL_JAVA_DECLARATION_STUB name:textColor type:kotlin.Int visibility:public [final,static] declared in android.R.attr' type=kotlin.Unit superQualifierSymbol=android.R.attr origin=EQ
      value: CALL 'public open fun getColor (p0: @[EnhancedNullability] android.content.Context, p1: kotlin.Int): kotlin.Int declared in androidx.core.content.ContextCompat' type=kotlin.Int origin=null
        ARG p0: GET_VAR '$context: android.content.Context declared in org.commcare.views.connect.ConnectDialogCreationHelper.Companion.showCustomConnectDialog$lambda$3' type=android.content.Context origin=null
        ARG p1: GET_VAR '$negativeButtonTextColorRes: kotlin.Int declared in org.commcare.views.connect.ConnectDialogCreationHelper.Companion.showCustomConnectDialog$lambda$3' type=kotlin.Int origin=null
    CALL 'public open fun setBackgroundColor (p0: kotlin.Int): kotlin.Unit declared in com.google.android.material.button.MaterialButton' type=kotlin.Unit origin=null
      ARG <this>: GET_VAR '$this$apply: @[FlexibleNullability] com.google.android.material.button.MaterialButton? declared in org.commcare.views.connect.ConnectDialogCreationHelper.Companion.showCustomConnectDialog$lambda$3' type=@[FlexibleNullability] com.google.android.material.button.MaterialButton? origin=null
      ARG p0: CALL 'public open fun getColor (p0: @[EnhancedNullability] android.content.Context, p1: kotlin.Int): kotlin.Int declared in androidx.core.content.ContextCompat' type=kotlin.Int origin=null
        ARG p0: GET_VAR '$context: android.content.Context declared in org.commcare.views.connect.ConnectDialogCreationHelper.Companion.showCustomConnectDialog$lambda$3' type=android.content.Context origin=null
        ARG p1: GET_VAR '$negativeButtonBackgroundColorRes: kotlin.Int declared in org.commcare.views.connect.ConnectDialogCreationHelper.Companion.showCustomConnectDialog$lambda$3' type=kotlin.Int origin=null
    CALL 'public open fun setOnClickListener (p0: @[EnhancedNullability] android.view.View.OnClickListener?): kotlin.Unit [fake_override] declared in com.google.android.material.button.MaterialButton' type=kotlin.Unit origin=null
      ARG <this>: GET_VAR '$this$apply: @[FlexibleNullability] com.google.android.material.button.MaterialButton? declared in org.commcare.views.connect.ConnectDialogCreationHelper.Companion.showCustomConnectDialog$lambda$3' type=@[FlexibleNullability] com.google.android.material.button.MaterialButton? origin=null
      ARG p0: BLOCK type=android.view.View.OnClickListener origin=LAMBDA
        COMPOSITE type=kotlin.Unit origin=null
        CALL 'public final fun <jvm-indy> <T> (dynamicCall: T of kotlin.jvm.internal.<jvm-indy>, bootstrapMethodHandle: kotlin.Any, vararg bootstrapMethodArguments: kotlin.Any): T of kotlin.jvm.internal.<jvm-indy> declared in kotlin.jvm.internal' type=android.view.View.OnClickListener origin=null
          TYPE_ARG T: android.view.View.OnClickListener
          ARG dynamicCall: CALL 'public final fun onClick (p0: androidx.appcompat.app.AlertDialog, p1: kotlin.Function0<kotlin.Unit>): android.view.View.OnClickListener declared in kotlin.jvm.internal.invokeDynamic' type=android.view.View.OnClickListener origin=null
            ARG p0: GET_VAR '$dialog: androidx.appcompat.app.AlertDialog declared in org.commcare.views.connect.ConnectDialogCreationHelper.Companion.showCustomConnectDialog$lambda$3' type=androidx.appcompat.app.AlertDialog origin=null
            ARG p1: GET_VAR '$negativeButtonCallback: kotlin.Function0<kotlin.Unit> declared in org.commcare.views.connect.ConnectDialogCreationHelper.Companion.showCustomConnectDialog$lambda$3' type=kotlin.Function0<kotlin.Unit> origin=null
          ARG bootstrapMethodHandle: CALL 'public final fun <jvm-method-handle> (tag: kotlin.Int, owner: kotlin.String, name: kotlin.String, descriptor: kotlin.String, isInterface: kotlin.Boolean): kotlin.Any declared in kotlin.jvm.internal' type=kotlin.Any origin=null
            ARG tag: CONST Int type=kotlin.Int value=6
            ARG owner: CONST String type=kotlin.String value="java/lang/invoke/LambdaMetafactory"
            ARG name: CONST String type=kotlin.String value="metafactory"
            ARG descriptor: CONST String type=kotlin.String value="(Ljava/lang/invoke/MethodHandles$Lookup;Ljava/lang/String;Ljava/lang/invoke/MethodType;Ljava/lang/invoke/MethodType;Ljava/lang/invoke/MethodHandle;Ljava/lang/invoke/MethodType;)Ljava/lang/invoke/CallSite;"
            ARG isInterface: CONST Boolean type=kotlin.Boolean value=false
          ARG bootstrapMethodArguments: VARARG type=kotlin.Array<kotlin.Any> varargElementType=kotlin.Any
            CALL 'public final fun <jvm-original-method-type> (method: kotlin.Any): kotlin.Any declared in kotlin.jvm.internal' type=kotlin.Any origin=null
              ARG method: RAW_FUNCTION_REFERENCE 'public abstract fun onClick (p0: @[FlexibleNullability] android.view.View?): kotlin.Unit declared in android.view.View.OnClickListener' type=kotlin.Any
            RAW_FUNCTION_REFERENCE 'private final fun showCustomConnectDialog$lambda$3$0 ($dialog: androidx.appcompat.app.AlertDialog, $negativeButtonCallback: kotlin.Function0<kotlin.Unit>, it: @[FlexibleNullability] android.view.View?): kotlin.Unit declared in org.commcare.views.connect.ConnectDialogCreationHelper.Companion' type=kotlin.Any
            CALL 'public final fun <jvm-original-method-type> (method: kotlin.Any): kotlin.Any declared in kotlin.jvm.internal' type=kotlin.Any origin=null
              ARG method: RAW_FUNCTION_REFERENCE 'public abstract fun onClick (p0: @[FlexibleNullability] android.view.View?): kotlin.Unit [fake_override] declared in kotlin.jvm.internal.invokeDynamic.<fake>' type=kotlin.Any

	at org.jetbrains.kotlin.backend.jvm.codegen.FunctionCodegen.generate(FunctionCodegen.kt:53)
	at org.jetbrains.kotlin.backend.jvm.codegen.IrSourceCompilerForInline.generateLambdaBody(IrSourceCompilerForInline.kt:72)
	at org.jetbrains.kotlin.codegen.inline.ExpressionLambda.generateLambdaBody(LambdaInfo.kt:72)
	at org.jetbrains.kotlin.backend.jvm.codegen.IrInlineCodegen.genValueAndPut(IrInlineCodegen.kt:122)
	at org.jetbrains.kotlin.backend.jvm.codegen.ExpressionCodegen.visitCall$handleParameter(ExpressionCodegen.kt:567)
	at org.jetbrains.kotlin.backend.jvm.codegen.ExpressionCodegen.visitCall(ExpressionCodegen.kt:580)
	at org.jetbrains.kotlin.backend.jvm.codegen.ExpressionCodegen.visitCall(ExpressionCodegen.kt:134)
	at org.jetbrains.kotlin.ir.expressions.IrCall.accept(IrCall.kt:24)
	at org.jetbrains.kotlin.backend.jvm.codegen.ExpressionCodegen.visitStatementContainer(ExpressionCodegen.kt:530)
	at org.jetbrains.kotlin.backend.jvm.codegen.ExpressionCodegen.visitContainerExpression(ExpressionCodegen.kt:544)
	at org.jetbrains.kotlin.backend.jvm.codegen.ExpressionCodegen.visitContainerExpression(ExpressionCodegen.kt:134)
	at org.jetbrains.kotlin.ir.visitors.IrVisitor.visitComposite(IrVisitor.kt:125)
	at org.jetbrains.kotlin.ir.expressions.IrComposite.accept(IrComposite.kt:18)
	at org.jetbrains.kotlin.backend.jvm.codegen.ExpressionCodegen.visitStatementContainer(ExpressionCodegen.kt:530)
	at org.jetbrains.kotlin.backend.jvm.codegen.ExpressionCodegen.visitBlockBody(ExpressionCodegen.kt:535)
	at org.jetbrains.kotlin.backend.jvm.codegen.ExpressionCodegen.visitBlockBody(ExpressionCodegen.kt:134)
	at org.jetbrains.kotlin.ir.expressions.IrBlockBody.accept(IrBlockBody.kt:20)
	at org.jetbrains.kotlin.backend.jvm.codegen.ExpressionCodegen.generate(ExpressionCodegen.kt:232)
	at org.jetbrains.kotlin.backend.jvm.codegen.FunctionCodegen.doGenerate(FunctionCodegen.kt:129)
	at org.jetbrains.kotlin.backend.jvm.codegen.FunctionCodegen.generate(FunctionCodegen.kt:50)
	... 47 more
Caused by: java.lang.AssertionError: access of const val: SET_FIELD 'FIELD IR_EXTERNAL_JAVA_DECLARATION_STUB name:textColor type:kotlin.Int visibility:public [final,static] declared in android.R.attr' type=kotlin.Unit superQualifierSymbol=android.R.attr origin=EQ
  value: CALL 'public open fun getColor (p0: @[EnhancedNullability] android.content.Context, p1: kotlin.Int): kotlin.Int declared in androidx.core.content.ContextCompat' type=kotlin.Int origin=null
    ARG p0: GET_VAR '$context: android.content.Context declared in org.commcare.views.connect.ConnectDialogCreationHelper.Companion.showCustomConnectDialog$lambda$3' type=android.content.Context origin=null
    ARG p1: GET_VAR '$negativeButtonTextColorRes: kotlin.Int declared in org.commcare.views.connect.ConnectDialogCreationHelper.Companion.showCustomConnectDialog$lambda$3' type=kotlin.Int origin=null

	at org.jetbrains.kotlin.backend.jvm.codegen.ExpressionCodegen.visitFieldAccess(ExpressionCodegen.kt:811)
	at org.jetbrains.kotlin.backend.jvm.codegen.ExpressionCodegen.visitFieldAccess(ExpressionCodegen.kt:134)
	at org.jetbrains.kotlin.ir.visitors.IrVisitor.visitSetField(IrVisitor.kt:215)
	at org.jetbrains.kotlin.backend.jvm.codegen.ExpressionCodegen.visitSetField(ExpressionCodegen.kt:862)
	at org.jetbrains.kotlin.backend.jvm.codegen.ExpressionCodegen.visitSetField(ExpressionCodegen.kt:134)
	at org.jetbrains.kotlin.ir.expressions.IrSetField.accept(IrSetField.kt:21)
	at org.jetbrains.kotlin.backend.jvm.codegen.ExpressionCodegen.visitStatementContainer(ExpressionCodegen.kt:530)
	at org.jetbrains.kotlin.backend.jvm.codegen.ExpressionCodegen.visitBlockBody(ExpressionCodegen.kt:535)
	at org.jetbrains.kotlin.backend.jvm.codegen.ExpressionCodegen.visitBlockBody(ExpressionCodegen.kt:134)
	at org.jetbrains.kotlin.ir.expressions.IrBlockBody.accept(IrBlockBody.kt:20)
	at org.jetbrains.kotlin.backend.jvm.codegen.ExpressionCodegen.generate(ExpressionCodegen.kt:232)
	at org.jetbrains.kotlin.backend.jvm.codegen.FunctionCodegen.doGenerate(FunctionCodegen.kt:129)
	at org.jetbrains.kotlin.backend.jvm.codegen.FunctionCodegen.generate(FunctionCodegen.kt:50)
	... 66 more


